<?xml version="1.0" encoding="UTF-8"?>
<!-- Generated by org.testng.reporters.JUnitXMLReporter -->
<testsuite ignored="0" hostname="AHLPT2208060-N" failures="2" tests="3" name="Edge_Login_Profile" time="58.72" errors="0" timestamp="2026-01-19T12:45:42 IST">
  <testcase classname="medicart.Login" name="Login1" time="23.578"/>
  <testcase classname="medicart.ProfileEdit" name="ProfileEdit1" time="23.554">
    <failure type="org.openqa.selenium.NoSuchSessionException" message="invalid session id: session deleted as the browser has closed the connection
from disconnected: not connected to DevTools
  (Session info: MicrosoftEdge=144.0.3719.82)
Build info: version: &amp;apos;4.38.0&amp;apos;, revision: &amp;apos;6b412e825c&amp;apos;
System info: os.name: &amp;apos;Windows 11&amp;apos;, os.arch: &amp;apos;amd64&amp;apos;, os.version: &amp;apos;10.0&amp;apos;, java.version: &amp;apos;17.0.9&amp;apos;
Driver info: org.openqa.selenium.edge.EdgeDriver
Command: [1b42dacdd5ef186e66a20c02359f1967, findElement {using=xpath, value=//img[@alt=&amp;apos;profile_icon&amp;apos;]}]
Capabilities {acceptInsecureCerts: false, browserName: MicrosoftEdge, browserVersion: 144.0.3719.82, fedcm:accounts: true, goog:processID: 2512, ms:edgeOptions: {debuggerAddress: localhost:60267}, msedge: {msedgedriverVersion: 144.0.3719.82 (f6f6e1fcd9e6..., userDataDir: C:\Users\PRAHAL~1.PER\AppDa...}, networkConnectionEnabled: false, pageLoadStrategy: normal, platformName: windows, proxy: Proxy(), se:cdp: ws://localhost:60267/devtoo..., se:cdpVersion: 144.0.3719.82, setWindowRect: true, strictFileInteractability: false, timeouts: {implicit: 0, pageLoad: 300000, script: 30000}, unhandledPromptBehavior: dismiss and notify, webauthn:extension:credBlob: true, webauthn:extension:largeBlob: true, webauthn:extension:minPinLength: true, webauthn:extension:prf: true, webauthn:virtualAuthenticators: true}
Session ID: 1b42dacdd5ef186e66a20c02359f1967">
      <![CDATA[org.openqa.selenium.NoSuchSessionException: invalid session id: session deleted as the browser has closed the connection
from disconnected: not connected to DevTools
  (Session info: MicrosoftEdge=144.0.3719.82)
Build info: version: '4.38.0', revision: '6b412e825c'
System info: os.name: 'Windows 11', os.arch: 'amd64', os.version: '10.0', java.version: '17.0.9'
Driver info: org.openqa.selenium.edge.EdgeDriver
Command: [1b42dacdd5ef186e66a20c02359f1967, findElement {using=xpath, value=//img[@alt='profile_icon']}]
Capabilities {acceptInsecureCerts: false, browserName: MicrosoftEdge, browserVersion: 144.0.3719.82, fedcm:accounts: true, goog:processID: 2512, ms:edgeOptions: {debuggerAddress: localhost:60267}, msedge: {msedgedriverVersion: 144.0.3719.82 (f6f6e1fcd9e6..., userDataDir: C:\Users\PRAHAL~1.PER\AppDa...}, networkConnectionEnabled: false, pageLoadStrategy: normal, platformName: windows, proxy: Proxy(), se:cdp: ws://localhost:60267/devtoo..., se:cdpVersion: 144.0.3719.82, setWindowRect: true, strictFileInteractability: false, timeouts: {implicit: 0, pageLoad: 300000, script: 30000}, unhandledPromptBehavior: dismiss and notify, webauthn:extension:credBlob: true, webauthn:extension:largeBlob: true, webauthn:extension:minPinLength: true, webauthn:extension:prf: true, webauthn:virtualAuthenticators: true}
Session ID: 1b42dacdd5ef186e66a20c02359f1967
at org.openqa.selenium.remote.ErrorCodec.decode(ErrorCodec.java:167)
at org.openqa.selenium.remote.codec.w3c.W3CHttpResponseCodec.decode(W3CHttpResponseCodec.java:138)
at org.openqa.selenium.remote.codec.w3c.W3CHttpResponseCodec.decode(W3CHttpResponseCodec.java:50)
at org.openqa.selenium.remote.HttpCommandExecutor.execute(HttpCommandExecutor.java:215)
at org.openqa.selenium.remote.service.DriverCommandExecutor.invokeExecute(DriverCommandExecutor.java:216)
at org.openqa.selenium.remote.service.DriverCommandExecutor.execute(DriverCommandExecutor.java:174)
at org.openqa.selenium.remote.RemoteWebDriver.execute(RemoteWebDriver.java:557)
at org.openqa.selenium.remote.ElementLocation$ElementFinder$2.findElement(ElementLocation.java:165)
at org.openqa.selenium.remote.ElementLocation.findElement(ElementLocation.java:59)
at org.openqa.selenium.remote.RemoteWebDriver.findElement(RemoteWebDriver.java:380)
at org.openqa.selenium.remote.RemoteWebDriver.findElement(RemoteWebDriver.java:374)
at medicart.ProfileEdit.ProfileEdit1(ProfileEdit.java:24)
at java.base/java.util.ArrayList.forEach(ArrayList.java:1511)
... Removed 32 stack frames]]>
    </failure>
  </testcase> <!-- ProfileEdit1 -->
  <testcase classname="medicart.ProfileEdit" name="ProfileEdit1" time="27.692">
    <failure type="org.openqa.selenium.NoSuchSessionException" message="invalid session id
Build info: version: &amp;apos;4.38.0&amp;apos;, revision: &amp;apos;6b412e825c&amp;apos;
System info: os.name: &amp;apos;Windows 11&amp;apos;, os.arch: &amp;apos;amd64&amp;apos;, os.version: &amp;apos;10.0&amp;apos;, java.version: &amp;apos;17.0.9&amp;apos;
Driver info: org.openqa.selenium.edge.EdgeDriver
Command: [1b42dacdd5ef186e66a20c02359f1967, screenshot {}]
Capabilities {acceptInsecureCerts: false, browserName: MicrosoftEdge, browserVersion: 144.0.3719.82, fedcm:accounts: true, goog:processID: 2512, ms:edgeOptions: {debuggerAddress: localhost:60267}, msedge: {msedgedriverVersion: 144.0.3719.82 (f6f6e1fcd9e6..., userDataDir: C:\Users\PRAHAL~1.PER\AppDa...}, networkConnectionEnabled: false, pageLoadStrategy: normal, platformName: windows, proxy: Proxy(), se:cdp: ws://localhost:60267/devtoo..., se:cdpVersion: 144.0.3719.82, setWindowRect: true, strictFileInteractability: false, timeouts: {implicit: 0, pageLoad: 300000, script: 30000}, unhandledPromptBehavior: dismiss and notify, webauthn:extension:credBlob: true, webauthn:extension:largeBlob: true, webauthn:extension:minPinLength: true, webauthn:extension:prf: true, webauthn:virtualAuthenticators: true}
Session ID: 1b42dacdd5ef186e66a20c02359f1967">
      <![CDATA[org.openqa.selenium.NoSuchSessionException: invalid session id
Build info: version: '4.38.0', revision: '6b412e825c'
System info: os.name: 'Windows 11', os.arch: 'amd64', os.version: '10.0', java.version: '17.0.9'
Driver info: org.openqa.selenium.edge.EdgeDriver
Command: [1b42dacdd5ef186e66a20c02359f1967, screenshot {}]
Capabilities {acceptInsecureCerts: false, browserName: MicrosoftEdge, browserVersion: 144.0.3719.82, fedcm:accounts: true, goog:processID: 2512, ms:edgeOptions: {debuggerAddress: localhost:60267}, msedge: {msedgedriverVersion: 144.0.3719.82 (f6f6e1fcd9e6..., userDataDir: C:\Users\PRAHAL~1.PER\AppDa...}, networkConnectionEnabled: false, pageLoadStrategy: normal, platformName: windows, proxy: Proxy(), se:cdp: ws://localhost:60267/devtoo..., se:cdpVersion: 144.0.3719.82, setWindowRect: true, strictFileInteractability: false, timeouts: {implicit: 0, pageLoad: 300000, script: 30000}, unhandledPromptBehavior: dismiss and notify, webauthn:extension:credBlob: true, webauthn:extension:largeBlob: true, webauthn:extension:minPinLength: true, webauthn:extension:prf: true, webauthn:virtualAuthenticators: true}
Session ID: 1b42dacdd5ef186e66a20c02359f1967
at org.openqa.selenium.remote.ErrorCodec.decode(ErrorCodec.java:167)
at org.openqa.selenium.remote.codec.w3c.W3CHttpResponseCodec.decode(W3CHttpResponseCodec.java:138)
at org.openqa.selenium.remote.codec.w3c.W3CHttpResponseCodec.decode(W3CHttpResponseCodec.java:50)
at org.openqa.selenium.remote.HttpCommandExecutor.execute(HttpCommandExecutor.java:215)
at org.openqa.selenium.remote.service.DriverCommandExecutor.invokeExecute(DriverCommandExecutor.java:216)
at org.openqa.selenium.remote.service.DriverCommandExecutor.execute(DriverCommandExecutor.java:174)
at org.openqa.selenium.remote.RemoteWebDriver.execute(RemoteWebDriver.java:557)
at org.openqa.selenium.remote.RemoteWebDriver.execute(RemoteWebDriver.java:634)
at org.openqa.selenium.remote.RemoteWebDriver.execute(RemoteWebDriver.java:638)
at org.openqa.selenium.remote.RemoteWebDriver.getScreenshotAs(RemoteWebDriver.java:346)
at medicart.TestListeners.takeScreenshot(TestListeners.java:69)
at medicart.TestListeners.onTestFailure(TestListeners.java:37)
at java.base/java.util.ArrayList.forEach(ArrayList.java:1511)
... Removed 29 stack frames]]>
    </failure>
  </testcase> <!-- ProfileEdit1 -->
</testsuite> <!-- Edge_Login_Profile -->
