<?xml version="1.0" encoding="UTF-8"?>
<!-- Generated by org.testng.reporters.JUnitXMLReporter -->
<testsuite ignored="0" hostname="AHLPT2208060-N" failures="1" tests="2" name="Test" time="30.438" errors="0" timestamp="2026-01-19T12:33:49 IST">
  <testcase classname="medicart.Login" name="Login1" time="23.653"/>
  <testcase classname="medicart.ProfileEdit" name="ProfileEdit1" time="0.0">
    <failure type="org.testng.TestNGException" message="
Cannot inject @Test annotated Method [ProfileEdit1] with [class java.lang.String].
For more information on native dependency injection please refer to https://testng.org/#_dependency_injection">
      <![CDATA[org.testng.TestNGException: 
Cannot inject @Test annotated Method [ProfileEdit1] with [class java.lang.String].
For more information on native dependency injection please refer to https://testng.org/#_dependency_injection
at java.base/java.util.ArrayList.forEach(ArrayList.java:1511)
... Removed 26 stack frames]]>
    </failure>
  </testcase> <!-- ProfileEdit1 -->
</testsuite> <!-- Test -->
