<?xml version="1.0" encoding="UTF-8"?>
<testng-results ignored="0" total="1" passed="1" failed="0" skipped="0">
  <reporter-output>
  </reporter-output>
  <suite started-at="2026-01-20T11:45:09 IST" name="Surefire suite" finished-at="2026-01-20T11:45:13 IST" duration-ms="3982">
    <groups>
    </groups>
    <test started-at="2026-01-20T11:45:09 IST" name="Surefire test" finished-at="2026-01-20T11:45:13 IST" duration-ms="3982">
      <class name="Medikart.Tests">
        <test-method is-config="true" signature="setUp()[pri:0, instance:Medikart.Tests@a1cdc6d]" started-at="2026-01-20T11:45:09 IST" name="setUp" finished-at="2026-01-20T11:45:11 IST" duration-ms="2617" status="PASS">
          <reporter-output>
          </reporter-output>
        </test-method> <!-- setUp -->
        <test-method signature="sampleTest()[pri:0, instance:Medikart.Tests@a1cdc6d]" started-at="2026-01-20T11:45:11 IST" name="sampleTest" finished-at="2026-01-20T11:45:12 IST" duration-ms="861" status="PASS">
          <reporter-output>
          </reporter-output>
        </test-method> <!-- sampleTest -->
        <test-method is-config="true" signature="tearDown()[pri:0, instance:Medikart.Tests@a1cdc6d]" started-at="2026-01-20T11:45:12 IST" name="tearDown" finished-at="2026-01-20T11:45:13 IST" duration-ms="441" status="PASS">
          <reporter-output>
          </reporter-output>
        </test-method> <!-- tearDown -->
      </class> <!-- Medikart.Tests -->
    </test> <!-- Surefire test -->
  </suite> <!-- Surefire suite -->
</testng-results>
