<?xml version="1.0" encoding="UTF-8"?>
<!-- Generated by org.testng.reporters.JUnitReportReporter -->
<testsuite hostname="AHLPT2208060-N" failures="0" tests="1" name="Telecomgis.Tele.TC9_SurveyValidationCompleted_To_PermitWorkAssignedToCompany" time="21.034" errors="0" timestamp="2026-05-26T12:20:50 IST" skipped="0">
  <testcase classname="Telecomgis.Tele.TC9_SurveyValidationCompleted_To_PermitWorkAssignedToCompany" name="TC9" time="21.034"/>
</testsuite> <!-- Telecomgis.Tele.TC9_SurveyValidationCompleted_To_PermitWorkAssignedToCompany -->
