<?xml version="1.0" encoding="UTF-8"?>
<!-- Generated by org.testng.reporters.JUnitReportReporter -->
<testsuite hostname="AHLPT2208060-N" failures="0" tests="1" name="Telecomgis.Tele.TC11b_PermitWorkAssignedToUser_To_PermitInProgress" time="26.654" errors="1" timestamp="2026-05-26T12:34:54 IST" skipped="0">
  <testcase classname="Telecomgis.Tele.TC11b_PermitWorkAssignedToUser_To_PermitInProgress" name="TC11b" time="26.654">
    <error message="Error {
  message=&#039;Target page, context or browser has been closed
  name=&#039;TargetClosedError
  stack=&#039;TargetClosedError:Target page, context or browser has been closed
Error
    at captureRawStack (C:\Users\PRAHAL~1.PER\AppData\Local\Temp\playwright-java-14932601897523861538\package\lib\utils\stackTrace.js:49:17)
    at LongStandingScope._race (C:\Users\PRAHAL~1.PER\AppData\Local\Temp\playwright-java-14932601897523861538\package\lib\utils\manualPromise.js:91:52)
    at LongStandingScope.race (C:\Users\PRAHAL~1.PER\AppData\Local\Temp\playwright-java-14932601897523861538\package\lib\utils\manualPromise.js:84:17)
    at C:\Users\PRAHAL~1.PER\AppData\Local\Temp\playwright-java-14932601897523861538\package\lib\utils\manualPromise.js:81:43
    at Array.map (&lt;anonymous&gt;)
    at LongStandingScope.raceMultiple (C:\Users\PRAHAL~1.PER\AppData\Local\Temp\playwright-java-14932601897523861538\package\lib\utils\manualPromise.js:81:32)
    at Frame.retryWithProgressAndTimeouts (C:\Users\PRAHAL~1.PER\AppData\Local\Temp\playwright-java-14932601897523861538\package\lib\server\frames.js:925:40)
    at async C:\Users\PRAHAL~1.PER\AppData\Local\Temp\playwright-java-14932601897523861538\package\lib\server\frames.js:1014:29
    at async ProgressController.run (C:\Users\PRAHAL~1.PER\AppData\Local\Temp\playwright-java-14932601897523861538\package\lib\server\progress.js:82:22)
    at async FrameDispatcher.click (C:\Users\PRAHAL~1.PER\AppData\Local\Temp\playwright-java-14932601897523861538\package\lib\server\dispatchers\frameDispatcher.js:157:12)
    at async LongStandingScope._race (C:\Users\PRAHAL~1.PER\AppData\Local\Temp\playwright-java-14932601897523861538\package\lib\utils\manualPromise.js:96:14)
    at async FrameDispatcher._handleCommand (C:\Users\PRAHAL~1.PER\AppData\Local\Temp\playwright-java-14932601897523861538\package\lib\server\dispatchers\dispatcher.js:96:14)
    at async DispatcherConnection.dispatch (C:\Users\PRAHAL~1.PER\AppData\Local\Temp\playwright-java-14932601897523861538\package\lib\server\dispatchers\dispatcher.js:361:22)
}
Call log:
- waiting for getByText(&quot;Permit Type&quot;)
" type="com.microsoft.playwright.impl.TargetClosedError">
      <![CDATA[com.microsoft.playwright.impl.TargetClosedError: Error {
  message='Target page, context or browser has been closed
  name='TargetClosedError
  stack='TargetClosedError:Target page, context or browser has been closed
Error
    at captureRawStack (C:\Users\PRAHAL~1.PER\AppData\Local\Temp\playwright-java-14932601897523861538\package\lib\utils\stackTrace.js:49:17)
    at LongStandingScope._race (C:\Users\PRAHAL~1.PER\AppData\Local\Temp\playwright-java-14932601897523861538\package\lib\utils\manualPromise.js:91:52)
    at LongStandingScope.race (C:\Users\PRAHAL~1.PER\AppData\Local\Temp\playwright-java-14932601897523861538\package\lib\utils\manualPromise.js:84:17)
    at C:\Users\PRAHAL~1.PER\AppData\Local\Temp\playwright-java-14932601897523861538\package\lib\utils\manualPromise.js:81:43
    at Array.map (<anonymous>)
    at LongStandingScope.raceMultiple (C:\Users\PRAHAL~1.PER\AppData\Local\Temp\playwright-java-14932601897523861538\package\lib\utils\manualPromise.js:81:32)
    at Frame.retryWithProgressAndTimeouts (C:\Users\PRAHAL~1.PER\AppData\Local\Temp\playwright-java-14932601897523861538\package\lib\server\frames.js:925:40)
    at async C:\Users\PRAHAL~1.PER\AppData\Local\Temp\playwright-java-14932601897523861538\package\lib\server\frames.js:1014:29
    at async ProgressController.run (C:\Users\PRAHAL~1.PER\AppData\Local\Temp\playwright-java-14932601897523861538\package\lib\server\progress.js:82:22)
    at async FrameDispatcher.click (C:\Users\PRAHAL~1.PER\AppData\Local\Temp\playwright-java-14932601897523861538\package\lib\server\dispatchers\frameDispatcher.js:157:12)
    at async LongStandingScope._race (C:\Users\PRAHAL~1.PER\AppData\Local\Temp\playwright-java-14932601897523861538\package\lib\utils\manualPromise.js:96:14)
    at async FrameDispatcher._handleCommand (C:\Users\PRAHAL~1.PER\AppData\Local\Temp\playwright-java-14932601897523861538\package\lib\server\dispatchers\dispatcher.js:96:14)
    at async DispatcherConnection.dispatch (C:\Users\PRAHAL~1.PER\AppData\Local\Temp\playwright-java-14932601897523861538\package\lib\server\dispatchers\dispatcher.js:361:22)
}
Call log:
- waiting for getByText("Permit Type")

at com.microsoft.playwright.impl.WaitableResult.get(WaitableResult.java:54)
at com.microsoft.playwright.impl.ChannelOwner.runUntil(ChannelOwner.java:132)
at com.microsoft.playwright.impl.Connection.sendMessage(Connection.java:130)
at com.microsoft.playwright.impl.ChannelOwner.sendMessage(ChannelOwner.java:118)
at com.microsoft.playwright.impl.FrameImpl.clickImpl(FrameImpl.java:252)
at com.microsoft.playwright.impl.FrameImpl.lambda$click$8(FrameImpl.java:243)
at com.microsoft.playwright.impl.LoggingSupport.lambda$withLogging$0(LoggingSupport.java:36)
at com.microsoft.playwright.impl.LoggingSupport.withLogging(LoggingSupport.java:47)
at com.microsoft.playwright.impl.ChannelOwner.withLogging(ChannelOwner.java:97)
at com.microsoft.playwright.impl.LoggingSupport.withLogging(LoggingSupport.java:35)
at com.microsoft.playwright.impl.FrameImpl.click(FrameImpl.java:243)
at com.microsoft.playwright.impl.LocatorImpl.click(LocatorImpl.java:160)
at com.microsoft.playwright.Locator.click(Locator.java:2413)
at Telecomgis.Tele.TC11b_PermitWorkAssignedToUser_To_PermitInProgress.TC11b(TC11b_PermitWorkAssignedToUser_To_PermitInProgress.java:31)
at java.base/jdk.internal.reflect.NativeMethodAccessorImpl.invoke0(Native Method)
at java.base/jdk.internal.reflect.NativeMethodAccessorImpl.invoke(NativeMethodAccessorImpl.java:77)
at java.base/jdk.internal.reflect.DelegatingMethodAccessorImpl.invoke(DelegatingMethodAccessorImpl.java:43)
at java.base/java.lang.reflect.Method.invoke(Method.java:568)
at org.testng.internal.invokers.MethodInvocationHelper.invokeMethod(MethodInvocationHelper.java:141)
at org.testng.internal.invokers.TestInvoker.invokeMethod(TestInvoker.java:687)
at org.testng.internal.invokers.TestInvoker.invokeTestMethod(TestInvoker.java:230)
at org.testng.internal.invokers.MethodRunner.runInSequence(MethodRunner.java:63)
at org.testng.internal.invokers.TestInvoker$MethodInvocationAgent.invoke(TestInvoker.java:995)
at org.testng.internal.invokers.TestInvoker.invokeTestMethods(TestInvoker.java:203)
at org.testng.internal.invokers.TestMethodWorker.invokeTestMethods(TestMethodWorker.java:154)
at org.testng.internal.invokers.TestMethodWorker.run(TestMethodWorker.java:134)
at java.base/java.util.ArrayList.forEach(ArrayList.java:1511)
at org.testng.TestRunner.privateRun(TestRunner.java:741)
at org.testng.TestRunner.run(TestRunner.java:616)
at org.testng.SuiteRunner.runTest(SuiteRunner.java:421)
at org.testng.SuiteRunner.runSequentially(SuiteRunner.java:413)
at org.testng.SuiteRunner.privateRun(SuiteRunner.java:373)
at org.testng.SuiteRunner.run(SuiteRunner.java:312)
at org.testng.SuiteRunnerWorker.runSuite(SuiteRunnerWorker.java:52)
at org.testng.SuiteRunnerWorker.run(SuiteRunnerWorker.java:95)
at org.testng.TestNG.runSuitesSequentially(TestNG.java:1274)
at org.testng.TestNG.runSuitesLocally(TestNG.java:1208)
at org.testng.TestNG.runSuites(TestNG.java:1112)
at org.testng.TestNG.run(TestNG.java:1079)
at org.testng.remote.AbstractRemoteTestNG.run(AbstractRemoteTestNG.java:115)
at org.testng.remote.RemoteTestNG.initAndRun(RemoteTestNG.java:293)
at org.testng.remote.RemoteTestNG.main(RemoteTestNG.java:91)
Caused by: com.microsoft.playwright.impl.TargetClosedError: Error {
  message='Target page, context or browser has been closed
  name='TargetClosedError
  stack='TargetClosedError:Target page, context or browser has been closed
Error
    at captureRawStack (C:\Users\PRAHAL~1.PER\AppData\Local\Temp\playwright-java-14932601897523861538\package\lib\utils\stackTrace.js:49:17)
    at LongStandingScope._race (C:\Users\PRAHAL~1.PER\AppData\Local\Temp\playwright-java-14932601897523861538\package\lib\utils\manualPromise.js:91:52)
    at LongStandingScope.race (C:\Users\PRAHAL~1.PER\AppData\Local\Temp\playwright-java-14932601897523861538\package\lib\utils\manualPromise.js:84:17)
    at C:\Users\PRAHAL~1.PER\AppData\Local\Temp\playwright-java-14932601897523861538\package\lib\utils\manualPromise.js:81:43
    at Array.map (<anonymous>)
    at LongStandingScope.raceMultiple (C:\Users\PRAHAL~1.PER\AppData\Local\Temp\playwright-java-14932601897523861538\package\lib\utils\manualPromise.js:81:32)
    at Frame.retryWithProgressAndTimeouts (C:\Users\PRAHAL~1.PER\AppData\Local\Temp\playwright-java-14932601897523861538\package\lib\server\frames.js:925:40)
    at async C:\Users\PRAHAL~1.PER\AppData\Local\Temp\playwright-java-14932601897523861538\package\lib\server\frames.js:1014:29
    at async ProgressController.run (C:\Users\PRAHAL~1.PER\AppData\Local\Temp\playwright-java-14932601897523861538\package\lib\server\progress.js:82:22)
    at async FrameDispatcher.click (C:\Users\PRAHAL~1.PER\AppData\Local\Temp\playwright-java-14932601897523861538\package\lib\server\dispatchers\frameDispatcher.js:157:12)
    at async LongStandingScope._race (C:\Users\PRAHAL~1.PER\AppData\Local\Temp\playwright-java-14932601897523861538\package\lib\utils\manualPromise.js:96:14)
    at async FrameDispatcher._handleCommand (C:\Users\PRAHAL~1.PER\AppData\Local\Temp\playwright-java-14932601897523861538\package\lib\server\dispatchers\dispatcher.js:96:14)
    at async DispatcherConnection.dispatch (C:\Users\PRAHAL~1.PER\AppData\Local\Temp\playwright-java-14932601897523861538\package\lib\server\dispatchers\dispatcher.js:361:22)
}
Call log:
- waiting for getByText("Permit Type")

at com.microsoft.playwright.impl.Connection.dispatch(Connection.java:256)
at com.microsoft.playwright.impl.Connection.processOneMessage(Connection.java:211)
at com.microsoft.playwright.impl.ChannelOwner.runUntil(ChannelOwner.java:130)
... 40 more
]]>
    </error>
  </testcase> <!-- TC11b -->
</testsuite> <!-- Telecomgis.Tele.TC11b_PermitWorkAssignedToUser_To_PermitInProgress -->
