<?xml version="1.0" encoding="UTF-8"?>
<!-- Generated by org.testng.reporters.JUnitReportReporter -->
<testsuite hostname="AHLPT2208060-N" failures="0" tests="1" name="Telecomgis.Tele.TC14_InitiateCBYD_To_Construction_WorkAssignedToCompany" time="21.755" errors="0" timestamp="2026-05-26T12:37:05 IST" skipped="0">
  <testcase classname="Telecomgis.Tele.TC14_InitiateCBYD_To_Construction_WorkAssignedToCompany" name="TC14" time="21.755"/>
</testsuite> <!-- Telecomgis.Tele.TC14_InitiateCBYD_To_Construction_WorkAssignedToCompany -->
