<?xml version="1.0" encoding="UTF-8"?>
<!-- Generated by org.testng.reporters.JUnitReportReporter -->
<testsuite hostname="AHLPT2208060-N" failures="0" tests="1" name="Telecomgis.Tele.TC16_Construction_WorkAssignedToUser_To_CInProgress" time="27.404" errors="0" timestamp="2026-05-26T12:37:05 IST" skipped="0">
  <testcase classname="Telecomgis.Tele.TC16_Construction_WorkAssignedToUser_To_CInProgress" name="TC16" time="27.404"/>
</testsuite> <!-- Telecomgis.Tele.TC16_Construction_WorkAssignedToUser_To_CInProgress -->
