<?xml version="1.0" encoding="UTF-8"?>
<!-- Generated by org.testng.reporters.JUnitReportReporter -->
<testsuite hostname="AHLPT2208060-N" failures="0" tests="1" name="Telecomgis.Tele.TC15_Construction_WorkAssignedToCompany_To_User" time="16.476" errors="0" timestamp="2026-05-26T12:37:05 IST" skipped="0">
  <testcase classname="Telecomgis.Tele.TC15_Construction_WorkAssignedToCompany_To_User" name="TC15" time="16.476"/>
</testsuite> <!-- Telecomgis.Tele.TC15_Construction_WorkAssignedToCompany_To_User -->
