<?xml version="1.0" encoding="UTF-8"?>
<!-- Generated by org.testng.reporters.JUnitReportReporter -->
<testsuite hostname="AHLPT2208060-N" failures="0" tests="1" name="Telecomgis.Tele.TC10_PermitWorkAssignedToCompany_To_AssignedToVendorUser" time="16.315" errors="0" timestamp="2026-05-26T12:20:50 IST" skipped="0">
  <testcase classname="Telecomgis.Tele.TC10_PermitWorkAssignedToCompany_To_AssignedToVendorUser" name="TC10" time="16.315"/>
</testsuite> <!-- Telecomgis.Tele.TC10_PermitWorkAssignedToCompany_To_AssignedToVendorUser -->
