<?xml version="1.0" encoding="UTF-8"?>
<!-- Generated by org.testng.reporters.JUnitReportReporter -->
<testsuite hostname="AHLPT2208060-N" failures="0" tests="1" name="Telecomgis.Tele.TC8_Survey_Submitted_To_SurveyValidationCompleted" time="25.630" errors="0" timestamp="2026-05-26T12:20:50 IST" skipped="0">
  <testcase classname="Telecomgis.Tele.TC8_Survey_Submitted_To_SurveyValidationCompleted" name="TC8" time="25.630"/>
</testsuite> <!-- Telecomgis.Tele.TC8_Survey_Submitted_To_SurveyValidationCompleted -->
