<?xml version="1.0" encoding="UTF-8"?>
<testng-results ignored="0" total="5" passed="5" failed="0" skipped="0">
  <reporter-output>
  </reporter-output>
  <suite started-at="2026-05-26T12:35:04 IST" name="TelecomGIS Full Suite" finished-at="2026-05-26T12:37:04 IST" duration-ms="120840">
    <groups>
    </groups>
    <test started-at="2026-05-26T12:35:04 IST" name="End to End Tests" finished-at="2026-05-26T12:37:04 IST" duration-ms="120840">
      <class name="Telecomgis.Tele.TC16_Construction_WorkAssignedToUser_To_CInProgress">
        <test-method signature="TC16()[pri:0, instance:Telecomgis.Tele.TC16_Construction_WorkAssignedToUser_To_CInProgress@63fbfaeb]" started-at="2026-05-26T12:36:37 IST" name="TC16" finished-at="2026-05-26T12:37:04 IST" duration-ms="27404" status="PASS">
          <reporter-output>
          </reporter-output>
        </test-method> <!-- TC16 -->
      </class> <!-- Telecomgis.Tele.TC16_Construction_WorkAssignedToUser_To_CInProgress -->
      <class name="Telecomgis.Tele.TC13_PemitObtained_To_Initiate_CBYD">
        <test-method signature="TC13()[pri:0, instance:Telecomgis.Tele.TC13_PemitObtained_To_Initiate_CBYD@4f5991f6]" started-at="2026-05-26T12:35:39 IST" name="TC13" finished-at="2026-05-26T12:35:59 IST" duration-ms="20224" status="PASS">
          <reporter-output>
          </reporter-output>
        </test-method> <!-- TC13 -->
      </class> <!-- Telecomgis.Tele.TC13_PemitObtained_To_Initiate_CBYD -->
      <class name="Telecomgis.Tele.TC12_PermitSubitted_To_PermitObtained">
        <test-method signature="TC12()[pri:0, instance:Telecomgis.Tele.TC12_PermitSubitted_To_PermitObtained@1c33c17b]" started-at="2026-05-26T12:35:04 IST" name="TC12" finished-at="2026-05-26T12:35:39 IST" duration-ms="34854" status="PASS">
          <reporter-output>
          </reporter-output>
        </test-method> <!-- TC12 -->
      </class> <!-- Telecomgis.Tele.TC12_PermitSubitted_To_PermitObtained -->
      <class name="Telecomgis.Tele.TC15_Construction_WorkAssignedToCompany_To_User">
        <test-method signature="TC15()[pri:0, instance:Telecomgis.Tele.TC15_Construction_WorkAssignedToCompany_To_User@38234a38]" started-at="2026-05-26T12:36:21 IST" name="TC15" finished-at="2026-05-26T12:36:37 IST" duration-ms="16476" status="PASS">
          <reporter-output>
          </reporter-output>
        </test-method> <!-- TC15 -->
      </class> <!-- Telecomgis.Tele.TC15_Construction_WorkAssignedToCompany_To_User -->
      <class name="Telecomgis.Tele.TC14_InitiateCBYD_To_Construction_WorkAssignedToCompany">
        <test-method signature="TC14()[pri:0, instance:Telecomgis.Tele.TC14_InitiateCBYD_To_Construction_WorkAssignedToCompany@484094a5]" started-at="2026-05-26T12:35:59 IST" name="TC14" finished-at="2026-05-26T12:36:21 IST" duration-ms="21755" status="PASS">
          <reporter-output>
          </reporter-output>
        </test-method> <!-- TC14 -->
      </class> <!-- Telecomgis.Tele.TC14_InitiateCBYD_To_Construction_WorkAssignedToCompany -->
    </test> <!-- End to End Tests -->
  </suite> <!-- TelecomGIS Full Suite -->
</testng-results>
