<?xml version="1.0" encoding="UTF-8"?>
<!-- Generated by org.testng.reporters.JUnitXMLReporter -->
<testsuite ignored="0" hostname="AHLPT2208060-N" failures="0" tests="5" name="End to End Tests" time="120.84" errors="0" timestamp="2026-05-26T12:37:05 IST">
  <testcase classname="Telecomgis.Tele.TC12_PermitSubitted_To_PermitObtained" name="TC12" time="34.854"/>
  <testcase classname="Telecomgis.Tele.TC13_PemitObtained_To_Initiate_CBYD" name="TC13" time="20.224"/>
  <testcase classname="Telecomgis.Tele.TC14_InitiateCBYD_To_Construction_WorkAssignedToCompany" name="TC14" time="21.755"/>
  <testcase classname="Telecomgis.Tele.TC15_Construction_WorkAssignedToCompany_To_User" name="TC15" time="16.476"/>
  <testcase classname="Telecomgis.Tele.TC16_Construction_WorkAssignedToUser_To_CInProgress" name="TC16" time="27.404"/>
</testsuite> <!-- End to End Tests -->
