<?xml version="1.0" encoding="UTF-8"?>
<!-- Generated by org.testng.reporters.JUnitXMLReporter -->
<testsuite ignored="0" hostname="AHLPT2208060-N" failures="2" tests="4" name="Test" time="13.141" errors="0" timestamp="2026-05-25T18:08:33 IST">
  <testcase classname="utility.Baseclass" name="@BeforeMethod browserLaunch" time="3.823">
    <failure type="org.openqa.selenium.NoSuchWindowException" message="no such window: target window already closed
from unknown error: web view not found
  (Session info: chrome=147.0.7727.138)
Build info: version: &amp;apos;4.40.0&amp;apos;, revision: &amp;apos;b3333f1&amp;apos;
System info: os.name: &amp;apos;Windows 11&amp;apos;, os.arch: &amp;apos;amd64&amp;apos;, os.version: &amp;apos;10.0&amp;apos;, java.version: &amp;apos;17.0.9&amp;apos;
Driver info: org.openqa.selenium.chrome.ChromeDriver
Command: [29c5077d8db11f845e6180d0da49600d, maximizeCurrentWindow {}]
Capabilities {acceptInsecureCerts: false, browserName: chrome, browserVersion: 147.0.7727.138, chrome: {chromedriverVersion: 147.0.7727.117 (474cc805edd..., userDataDir: C:\Users\PRAHAL~1.PER\AppDa...}, fedcm:accounts: true, goog:chromeOptions: {debuggerAddress: localhost:64127}, goog:processID: 69912, networkConnectionEnabled: false, pageLoadStrategy: normal, platformName: windows, proxy: Proxy(), se:cdp: ws://localhost:64127/devtoo..., se:cdpVersion: 147.0.7727.138, setWindowRect: true, strictFileInteractability: false, timeouts: {implicit: 0, pageLoad: 300000, script: 30000}, unhandledPromptBehavior: dismiss and notify, webauthn:extension:credBlob: true, webauthn:extension:largeBlob: true, webauthn:extension:minPinLength: true, webauthn:extension:prf: true, webauthn:virtualAuthenticators: true}
Session ID: 29c5077d8db11f845e6180d0da49600d">
      <![CDATA[org.openqa.selenium.NoSuchWindowException: no such window: target window already closed
from unknown error: web view not found
  (Session info: chrome=147.0.7727.138)
Build info: version: '4.40.0', revision: 'b3333f1'
System info: os.name: 'Windows 11', os.arch: 'amd64', os.version: '10.0', java.version: '17.0.9'
Driver info: org.openqa.selenium.chrome.ChromeDriver
Command: [29c5077d8db11f845e6180d0da49600d, maximizeCurrentWindow {}]
Capabilities {acceptInsecureCerts: false, browserName: chrome, browserVersion: 147.0.7727.138, chrome: {chromedriverVersion: 147.0.7727.117 (474cc805edd..., userDataDir: C:\Users\PRAHAL~1.PER\AppDa...}, fedcm:accounts: true, goog:chromeOptions: {debuggerAddress: localhost:64127}, goog:processID: 69912, networkConnectionEnabled: false, pageLoadStrategy: normal, platformName: windows, proxy: Proxy(), se:cdp: ws://localhost:64127/devtoo..., se:cdpVersion: 147.0.7727.138, setWindowRect: true, strictFileInteractability: false, timeouts: {implicit: 0, pageLoad: 300000, script: 30000}, unhandledPromptBehavior: dismiss and notify, webauthn:extension:credBlob: true, webauthn:extension:largeBlob: true, webauthn:extension:minPinLength: true, webauthn:extension:prf: true, webauthn:virtualAuthenticators: true}
Session ID: 29c5077d8db11f845e6180d0da49600d
at org.openqa.selenium.remote.ErrorCodec.decode(ErrorCodec.java:169)
at org.openqa.selenium.remote.codec.w3c.W3CHttpResponseCodec.decode(W3CHttpResponseCodec.java:142)
at org.openqa.selenium.remote.codec.w3c.W3CHttpResponseCodec.decode(W3CHttpResponseCodec.java:49)
at org.openqa.selenium.remote.HttpCommandExecutor.execute(HttpCommandExecutor.java:223)
at org.openqa.selenium.remote.service.DriverCommandExecutor.invokeExecute(DriverCommandExecutor.java:216)
at org.openqa.selenium.remote.service.DriverCommandExecutor.execute(DriverCommandExecutor.java:174)
at org.openqa.selenium.remote.RemoteWebDriver.execute(RemoteWebDriver.java:601)
at org.openqa.selenium.remote.RemoteWebDriver.execute(RemoteWebDriver.java:678)
at org.openqa.selenium.remote.RemoteWebDriver.execute(RemoteWebDriver.java:682)
at org.openqa.selenium.remote.RemoteWebDriver$RemoteWebDriverOptions$RemoteWindow.maximize(RemoteWebDriver.java:1150)
at utility.Baseclass.browserLaunch(Baseclass.java:30)
at java.base/java.util.ArrayList.forEach(ArrayList.java:1511)
... Removed 31 stack frames]]>
    </failure>
  </testcase> <!-- @BeforeMethod browserLaunch -->
  <testcase classname="utility.Baseclass" name="@AfterMethod browserQuit" time="0.0">
    <skipped/>
  </testcase> <!-- @AfterMethod browserQuit -->
  <testcase classname="utility.Baseclass" name="@BeforeMethod browserLaunch" time="0.0">
    <skipped/>
  </testcase> <!-- @BeforeMethod browserLaunch -->
  <testcase classname="medikartPharma.TC1_Registration" name="Registration_withvalidcredential" time="0.325">
    <skipped/>
  </testcase> <!-- Registration_withvalidcredential -->
  <testcase classname="medikartPharma.TC1_Registration" name="Registration_withvalidcredential" time="0.013">
    <skipped/>
  </testcase> <!-- Registration_withvalidcredential -->
  <testcase classname="medikartPharma.TC1_Registration" name="Registration_withvalidcredential" time="0.017">
    <failure type="org.openqa.selenium.NoSuchWindowException" message="no such window: target window already closed
from unknown error: web view not found
  (Session info: chrome=147.0.7727.138)
Build info: version: &amp;apos;4.40.0&amp;apos;, revision: &amp;apos;b3333f1&amp;apos;
System info: os.name: &amp;apos;Windows 11&amp;apos;, os.arch: &amp;apos;amd64&amp;apos;, os.version: &amp;apos;10.0&amp;apos;, java.version: &amp;apos;17.0.9&amp;apos;
Driver info: org.openqa.selenium.chrome.ChromeDriver
Command: [29c5077d8db11f845e6180d0da49600d, findElement {using=xpath, value=//span[normalize-space(text())=&amp;apos;Login / Register&amp;apos;]}]
Capabilities {acceptInsecureCerts: false, browserName: chrome, browserVersion: 147.0.7727.138, chrome: {chromedriverVersion: 147.0.7727.117 (474cc805edd..., userDataDir: C:\Users\PRAHAL~1.PER\AppDa...}, fedcm:accounts: true, goog:chromeOptions: {debuggerAddress: localhost:64127}, goog:processID: 69912, networkConnectionEnabled: false, pageLoadStrategy: normal, platformName: windows, proxy: Proxy(), se:cdp: ws://localhost:64127/devtoo..., se:cdpVersion: 147.0.7727.138, setWindowRect: true, strictFileInteractability: false, timeouts: {implicit: 0, pageLoad: 300000, script: 30000}, unhandledPromptBehavior: dismiss and notify, webauthn:extension:credBlob: true, webauthn:extension:largeBlob: true, webauthn:extension:minPinLength: true, webauthn:extension:prf: true, webauthn:virtualAuthenticators: true}
Session ID: 29c5077d8db11f845e6180d0da49600d">
      <![CDATA[org.openqa.selenium.NoSuchWindowException: no such window: target window already closed
from unknown error: web view not found
  (Session info: chrome=147.0.7727.138)
Build info: version: '4.40.0', revision: 'b3333f1'
System info: os.name: 'Windows 11', os.arch: 'amd64', os.version: '10.0', java.version: '17.0.9'
Driver info: org.openqa.selenium.chrome.ChromeDriver
Command: [29c5077d8db11f845e6180d0da49600d, findElement {using=xpath, value=//span[normalize-space(text())='Login / Register']}]
Capabilities {acceptInsecureCerts: false, browserName: chrome, browserVersion: 147.0.7727.138, chrome: {chromedriverVersion: 147.0.7727.117 (474cc805edd..., userDataDir: C:\Users\PRAHAL~1.PER\AppDa...}, fedcm:accounts: true, goog:chromeOptions: {debuggerAddress: localhost:64127}, goog:processID: 69912, networkConnectionEnabled: false, pageLoadStrategy: normal, platformName: windows, proxy: Proxy(), se:cdp: ws://localhost:64127/devtoo..., se:cdpVersion: 147.0.7727.138, setWindowRect: true, strictFileInteractability: false, timeouts: {implicit: 0, pageLoad: 300000, script: 30000}, unhandledPromptBehavior: dismiss and notify, webauthn:extension:credBlob: true, webauthn:extension:largeBlob: true, webauthn:extension:minPinLength: true, webauthn:extension:prf: true, webauthn:virtualAuthenticators: true}
Session ID: 29c5077d8db11f845e6180d0da49600d
at org.openqa.selenium.remote.ErrorCodec.decode(ErrorCodec.java:169)
at org.openqa.selenium.remote.codec.w3c.W3CHttpResponseCodec.decode(W3CHttpResponseCodec.java:142)
at org.openqa.selenium.remote.codec.w3c.W3CHttpResponseCodec.decode(W3CHttpResponseCodec.java:49)
at org.openqa.selenium.remote.HttpCommandExecutor.execute(HttpCommandExecutor.java:223)
at org.openqa.selenium.remote.service.DriverCommandExecutor.invokeExecute(DriverCommandExecutor.java:216)
at org.openqa.selenium.remote.service.DriverCommandExecutor.execute(DriverCommandExecutor.java:174)
at org.openqa.selenium.remote.RemoteWebDriver.execute(RemoteWebDriver.java:601)
at org.openqa.selenium.remote.ElementLocation$ElementFinder$2.findElement(ElementLocation.java:166)
at org.openqa.selenium.remote.ElementLocation.findElement(ElementLocation.java:60)
at org.openqa.selenium.remote.RemoteWebDriver.findElement(RemoteWebDriver.java:424)
at org.openqa.selenium.remote.RemoteWebDriver.findElement(RemoteWebDriver.java:418)
at org.openqa.selenium.support.pagefactory.DefaultElementLocator.findElement(DefaultElementLocator.java:68)
at org.openqa.selenium.support.pagefactory.internal.LocatingElementHandler.invoke(LocatingElementHandler.java:38)
at jdk.proxy2/jdk.proxy2.$Proxy18.click(Unknown Source)
at medicartPharma.Registartion_Page.Login_Registor(Registartion_Page.java:20)
at medikartPharma.TC1_Registration.Registration_withvalidcredential(TC1_Registration.java:17)
at java.base/java.util.ArrayList.forEach(ArrayList.java:1511)
... Removed 27 stack frames]]>
    </failure>
  </testcase> <!-- Registration_withvalidcredential -->
  <testcase classname="medikartPharma.TC1_Registration" name="Registration_withvalidcredential" time="13.074">
    <failure type="org.openqa.selenium.NoSuchWindowException" message="no such window: target window already closed
from unknown error: web view not found
  (Session info: chrome=147.0.7727.138)
Build info: version: &amp;apos;4.40.0&amp;apos;, revision: &amp;apos;b3333f1&amp;apos;
System info: os.name: &amp;apos;Windows 11&amp;apos;, os.arch: &amp;apos;amd64&amp;apos;, os.version: &amp;apos;10.0&amp;apos;, java.version: &amp;apos;17.0.9&amp;apos;
Driver info: org.openqa.selenium.chrome.ChromeDriver
Command: [29c5077d8db11f845e6180d0da49600d, screenshot {}]
Capabilities {acceptInsecureCerts: false, browserName: chrome, browserVersion: 147.0.7727.138, chrome: {chromedriverVersion: 147.0.7727.117 (474cc805edd..., userDataDir: C:\Users\PRAHAL~1.PER\AppDa...}, fedcm:accounts: true, goog:chromeOptions: {debuggerAddress: localhost:64127}, goog:processID: 69912, networkConnectionEnabled: false, pageLoadStrategy: normal, platformName: windows, proxy: Proxy(), se:cdp: ws://localhost:64127/devtoo..., se:cdpVersion: 147.0.7727.138, setWindowRect: true, strictFileInteractability: false, timeouts: {implicit: 0, pageLoad: 300000, script: 30000}, unhandledPromptBehavior: dismiss and notify, webauthn:extension:credBlob: true, webauthn:extension:largeBlob: true, webauthn:extension:minPinLength: true, webauthn:extension:prf: true, webauthn:virtualAuthenticators: true}
Session ID: 29c5077d8db11f845e6180d0da49600d">
      <![CDATA[org.openqa.selenium.NoSuchWindowException: no such window: target window already closed
from unknown error: web view not found
  (Session info: chrome=147.0.7727.138)
Build info: version: '4.40.0', revision: 'b3333f1'
System info: os.name: 'Windows 11', os.arch: 'amd64', os.version: '10.0', java.version: '17.0.9'
Driver info: org.openqa.selenium.chrome.ChromeDriver
Command: [29c5077d8db11f845e6180d0da49600d, screenshot {}]
Capabilities {acceptInsecureCerts: false, browserName: chrome, browserVersion: 147.0.7727.138, chrome: {chromedriverVersion: 147.0.7727.117 (474cc805edd..., userDataDir: C:\Users\PRAHAL~1.PER\AppDa...}, fedcm:accounts: true, goog:chromeOptions: {debuggerAddress: localhost:64127}, goog:processID: 69912, networkConnectionEnabled: false, pageLoadStrategy: normal, platformName: windows, proxy: Proxy(), se:cdp: ws://localhost:64127/devtoo..., se:cdpVersion: 147.0.7727.138, setWindowRect: true, strictFileInteractability: false, timeouts: {implicit: 0, pageLoad: 300000, script: 30000}, unhandledPromptBehavior: dismiss and notify, webauthn:extension:credBlob: true, webauthn:extension:largeBlob: true, webauthn:extension:minPinLength: true, webauthn:extension:prf: true, webauthn:virtualAuthenticators: true}
Session ID: 29c5077d8db11f845e6180d0da49600d
at org.openqa.selenium.remote.ErrorCodec.decode(ErrorCodec.java:169)
at org.openqa.selenium.remote.codec.w3c.W3CHttpResponseCodec.decode(W3CHttpResponseCodec.java:142)
at org.openqa.selenium.remote.codec.w3c.W3CHttpResponseCodec.decode(W3CHttpResponseCodec.java:49)
at org.openqa.selenium.remote.HttpCommandExecutor.execute(HttpCommandExecutor.java:223)
at org.openqa.selenium.remote.service.DriverCommandExecutor.invokeExecute(DriverCommandExecutor.java:216)
at org.openqa.selenium.remote.service.DriverCommandExecutor.execute(DriverCommandExecutor.java:174)
at org.openqa.selenium.remote.RemoteWebDriver.execute(RemoteWebDriver.java:601)
at org.openqa.selenium.remote.RemoteWebDriver.execute(RemoteWebDriver.java:678)
at org.openqa.selenium.remote.RemoteWebDriver.execute(RemoteWebDriver.java:682)
at org.openqa.selenium.remote.RemoteWebDriver.getScreenshotAs(RemoteWebDriver.java:390)
at utility.ListernersLogic.onTestFailure(ListernersLogic.java:51)
at java.base/java.util.ArrayList.forEach(ArrayList.java:1511)
... Removed 24 stack frames]]>
    </failure>
  </testcase> <!-- Registration_withvalidcredential -->
</testsuite> <!-- Test -->
